Arguments: 
  /usr/local/bin/node /usr/local/Cellar/yarn/1.13.0/libexec/bin/yarn.js add express jsonwebtoken mysql supertest chai mochanodemon bcrypt

PATH: 
  /Users/sirphemmiey/google-cloud-sdk/bin:/opt/local/bin:/opt/local/sbin:/usr/local/bin:/usr/local/lib:/usr/local/sbin:/usr/local/bin:/usr/bin:/bin:/usr/sbin:/sbin:/opt/X11/bin:/Users/sirphemmiey/Library/Android/sdk/emulator:/Users/sirphemmiey/Library/Android/sdk/tools:/Users/sirphemmiey/Library/Android/sdk/tools/bin:/Users/sirphemmiey/Library/Android/sdk/platform-tools

Yarn version: 
  1.13.0

Node version: 
  10.15.1

Platform: 
  darwin x64

Trace: 
  Error: https://registry.yarnpkg.com/mochanodemon: Not found
      at Request.params.callback [as _callback] (/usr/local/Cellar/yarn/1.13.0/libexec/lib/cli.js:66255:18)
      at Request.self.callback (/usr/local/Cellar/yarn/1.13.0/libexec/lib/cli.js:129397:22)
      at Request.emit (events.js:189:13)
      at Request.<anonymous> (/usr/local/Cellar/yarn/1.13.0/libexec/lib/cli.js:130369:10)
      at Request.emit (events.js:189:13)
      at IncomingMessage.<anonymous> (/usr/local/Cellar/yarn/1.13.0/libexec/lib/cli.js:130291:12)
      at Object.onceWrapper (events.js:277:13)
      at IncomingMessage.emit (events.js:194:15)
      at endReadableNT (_stream_readable.js:1103:12)
      at process._tickCallback (internal/process/next_tick.js:63:19)

npm manifest: 
  {
    "name": "phonebook-api",
    "version": "1.0.0",
    "description": "A phonebook API",
    "main": "index.js",
    "repository": "https://github.com/SirPhemmiey/hack-a-j",
    "author": "SirPhemmiey",
    "license": "MIT"
  }

yarn manifest: 
  No manifest

Lockfile: 
  No lockfile
